<?xml version="1.0" encoding="UTF-8"?>
<testsuite xmlns:xsi="http://www.w3.org/2001/XMLSchema-instance" xsi:noNamespaceSchemaLocation="https://maven.apache.org/surefire/maven-surefire-plugin/xsd/surefire-test-report-3.0.xsd" version="3.0" name="com.example.SeleniumJUnitTest" time="0.207" tests="1" errors="1" skipped="0" failures="0">
  <properties>
[...]
</properties>
  <testcase name="testGoogleSearch" classname="com.example.SeleniumJUnitTest" time="0.125">
    <error type="org.openqa.selenium.remote.NoSuchDriverException"><![CDATA[org.openqa.selenium.remote.NoSuchDriverException: 
Unable to obtain: chromedriver, error chromedriver must exist: path/to/chromedriver
For documentation on this error, please visit: https://www.selenium.dev/documentation/webdriver/troubleshooting/errors/driver_location/
Build info: version: '4.23.1', revision: '656257d8e9'
System info: os.name: 'Linux', os.arch: 'amd64', os.version: '6.5.0-1022-azure', java.version: '17.0.12'
Driver info: driver.version: ChromeDriver
	at com.example.SeleniumJUnitTest.setUp(SeleniumJUnitTest.java:20)
Caused by: java.lang.IllegalStateException: chromedriver must exist: path/to/chromedriver
	at com.example.SeleniumJUnitTest.setUp(SeleniumJUnitTest.java:20)
]]></error>
  </testcase>
</testsuite>