<?xml version="1.0" encoding="UTF-8"?>
<testsuite xmlns:xsi="http://www.w3.org/2001/XMLSchema-instance" xsi:noNamespaceSchemaLocation="https://maven.apache.org/surefire/maven-surefire-plugin/xsd/surefire-test-report-3.0.xsd" version="3.0" name="com.example.AdvancedCalculatorTest" time="0.052" tests="8" errors="0" skipped="0" failures="0">
  <properties>
[...]
</properties>
  <testcase name="testMultiplyPositiveNumbers" classname="com.example.AdvancedCalculatorTest" time="0.021"/>
  <testcase name="testDividePositiveAndNegativeNumber" classname="com.example.AdvancedCalculatorTest" time="0"/>
  <testcase name="testMultiplyNegativeNumbers" classname="com.example.AdvancedCalculatorTest" time="0"/>
  <testcase name="testDivideByZero" classname="com.example.AdvancedCalculatorTest" time="0.001"/>
  <testcase name="testMultiplyByZero" classname="com.example.AdvancedCalculatorTest" time="0.001"/>
  <testcase name="testDividePositiveNumbers" classname="com.example.AdvancedCalculatorTest" time="0.005"/>
  <testcase name="testMultiplyPositiveAndNegativeNumber" classname="com.example.AdvancedCalculatorTest" time="0.001"/>
  <testcase name="testDivideNegativeNumbers" classname="com.example.AdvancedCalculatorTest" time="0.001"/>
</testsuite>